#
# A fatal error has been detected by the Java Runtime Environment:
#
#  EXCEPTION_ACCESS_VIOLATION (0xc0000005) at pc=0x6dfa2efb, pid=7448, tid=9960
#
# JRE version: 7.0_21-b11
# Java VM: Java HotSpot(TM) Client VM (23.21-b01 mixed mode, sharing windows-x86 )
# Problematic frame:
# V  [jvm.dll+0xb2efb]
#
# Failed to write core dump. Minidumps are not enabled by default on client versions of Windows
#
# If you would like to submit a bug report, please visit:
#   http://bugreport.sun.com/bugreport/crash.jsp
#

---------------  T H R E A D  ---------------

Current thread (0x03bf5c00):  JavaThread "JavaFX Application Thread" [_thread_in_vm, id=9960, stack(0x04380000,0x043d0000)]

siginfo: ExceptionCode=0xc0000005, reading address 0x00000000

Registers:
EAX=0x00000000, EBX=0x03bf5d28, ECX=0x03bf5c00, EDX=0x6e17d5c0
ESP=0x043cf2c8, EBP=0x043cf310, ESI=0x03bf5c00, EDI=0x00000000
EIP=0x6dfa2efb, EFLAGS=0x00010246

Top of Stack: (sp=0x043cf2c8)
0x043cf2c8:   0b09c6b8 03bf5d28 00000000 6df9a8c6
0x043cf2d8:   03bf5c00 043cf310 043cf314 6def3d23
0x043cf2e8:   03bf5c00 1e9a22f0 0177cc30 043cf328
0x043cf2f8:   6def3d23 03bf5c00 03bf5c00 017634a8
0x043cf308:   0000063d 6e17d5c0 0b2c1648 06bab9be
0x043cf318:   03bf5d28 03c3dab4 00000000 043cf338
0x043cf328:   06ee116d 03bf5d28 03c3dab4 00000000
0x043cf338:   0b09c6b8 00000000 0b2c1648 00000000 

Instructions: (pc=0x6dfa2efb)
0x6dfa2edb:   f5 ff 83 c4 08 83 7e 04 00 89 75 f0 c7 45 f4 00
0x6dfa2eeb:   00 00 00 74 08 8d 4d f0 e8 78 b4 0b 00 8b 7d 10
0x6dfa2efb:   8b 0f c7 45 e0 0e 00 00 00 e8 97 7b f5 ff 50 8d
0x6dfa2f0b:   4d c4 e8 4e e3 08 00 8b 55 0c 8b 45 14 56 8d 4d 


Register to memory mapping:

EAX=0x00000000 is an unknown value
EBX=0x03bf5d28 is an unknown value
ECX=0x03bf5c00 is a thread
EDX=0x6e17d5c0 is an unknown value
ESP=0x043cf2c8 is pointing into the stack for thread: 0x03bf5c00
EBP=0x043cf310 is pointing into the stack for thread: 0x03bf5c00
ESI=0x03bf5c00 is a thread
EDI=0x00000000 is an unknown value


Stack: [0x04380000,0x043d0000],  sp=0x043cf2c8,  free space=316k
Native frames: (J=compiled Java code, j=interpreted, Vv=VM code, C=native code)
V  [jvm.dll+0xb2efb]

Java frames: (J=compiled Java code, j=interpreted, Vv=VM code)
j  com.sun.webpane.webkit.network.URLLoader.twkDidReceiveData(Ljava/nio/ByteBuffer;IIJ)V+0
j  com.sun.webpane.webkit.network.URLLoader.access$1200(Ljava/nio/ByteBuffer;IIJ)V+4
j  com.sun.webpane.webkit.network.URLLoader$5.run()V+35
v  ~StubRoutines::call_stub
j  com.sun.glass.ui.win.WinApplication._runLoop([Ljava/lang/String;Lcom/sun/glass/ui/Launchable;)V+0
j  com.sun.glass.ui.win.WinApplication.access$100(Lcom/sun/glass/ui/win/WinApplication;[Ljava/lang/String;Lcom/sun/glass/ui/Launchable;)V+3
j  com.sun.glass.ui.win.WinApplication$3$1.run()V+32
j  java.lang.Thread.run()V+11
v  ~StubRoutines::call_stub

---------------  P R O C E S S  ---------------

Java Threads: ( => current thread )
  0x06aa7400 JavaThread "URL-Loader-9" daemon [_thread_blocked, id=13632, stack(0x0b500000,0x0b550000)]
  0x06aa7000 JavaThread "URL-Loader-8" daemon [_thread_blocked, id=5056, stack(0x0b460000,0x0b4b0000)]
  0x06aa6800 JavaThread "Keep-Alive-Timer" daemon [_thread_blocked, id=1604, stack(0x08cc0000,0x08d10000)]
  0x06aa6400 JavaThread "URL-Loader-7" daemon [_thread_blocked, id=8808, stack(0x08df0000,0x08e40000)]
  0x06aa5c00 JavaThread "URL-Loader-6" daemon [_thread_blocked, id=11912, stack(0x0aa60000,0x0aab0000)]
  0x06aa5800 JavaThread "URL-Loader-5" daemon [_thread_blocked, id=13548, stack(0x0a910000,0x0a960000)]
  0x06aa5000 JavaThread "URL-Loader-4" daemon [_thread_blocked, id=13392, stack(0x08320000,0x08370000)]
  0x06aa4800 JavaThread "URL-Loader-3" daemon [_thread_blocked, id=13628, stack(0x083d0000,0x08420000)]
  0x06ab7400 JavaThread "URL-Loader-2" daemon [_thread_blocked, id=11932, stack(0x084f0000,0x08540000)]
  0x06aaf000 JavaThread "URL-Loader-1" daemon [_thread_blocked, id=2264, stack(0x08d80000,0x08dd0000)]
  0x069e7000 JavaThread "Thread-9" [_thread_blocked, id=9052, stack(0x08d30000,0x08d80000)]
  0x06827c00 JavaThread "Disposer" daemon [_thread_blocked, id=10016, stack(0x062f0000,0x06340000)]
  0x0672d000 JavaThread "Prism Font Disposer" daemon [_thread_blocked, id=14052, stack(0x06190000,0x061e0000)]
  0x03c17c00 JavaThread "Thread-2" daemon [_thread_in_native, id=11988, stack(0x04620000,0x04670000)]
=>0x03bf5c00 JavaThread "JavaFX Application Thread" [_thread_in_vm, id=9960, stack(0x04380000,0x043d0000)]
  0x03becc00 JavaThread "Disposer" daemon [_thread_blocked, id=1904, stack(0x04570000,0x045c0000)]
  0x03be8c00 JavaThread "QuantumRenderer-0" daemon [_thread_blocked, id=12008, stack(0x03a30000,0x03a80000)]
  0x03bb5400 JavaThread "JavaFX-Launcher" [_thread_blocked, id=6560, stack(0x03ce0000,0x03d30000)]
  0x03af0400 JavaThread "Service Thread" daemon [_thread_blocked, id=6168, stack(0x03db0000,0x03e00000)]
  0x0177f400 JavaThread "C1 CompilerThread0" daemon [_thread_blocked, id=8784, stack(0x03820000,0x03870000)]
  0x0177e000 JavaThread "Attach Listener" daemon [_thread_blocked, id=4192, stack(0x037b0000,0x03800000)]
  0x0177d800 JavaThread "Signal Dispatcher" daemon [_thread_blocked, id=12032, stack(0x03a90000,0x03ae0000)]
  0x0175dc00 JavaThread "Finalizer" daemon [_thread_blocked, id=13448, stack(0x03890000,0x038e0000)]
  0x0175c000 JavaThread "Reference Handler" daemon [_thread_blocked, id=12328, stack(0x03980000,0x039d0000)]
  0x014db400 JavaThread "main" [_thread_blocked, id=10668, stack(0x01640000,0x01690000)]

Other Threads:
  0x0175a800 VMThread [stack: 0x015d0000,0x01620000] [id=4312]
  0x03af2000 WatcherThread [stack: 0x038f0000,0x03940000] [id=11716]

VM state:not at safepoint (normal execution)

VM Mutex/Monitor currently owned by a thread: None

Heap
 def new generation   total 4928K, used 1234K [0x23510000, 0x23a60000, 0x28a60000)
  eden space 4416K,  16% used [0x23510000, 0x235c4a08, 0x23960000)
  from space 512K, 100% used [0x23960000, 0x239e0000, 0x239e0000)
  to   space 512K,   0% used [0x239e0000, 0x239e0000, 0x23a60000)
 tenured generation   total 10944K, used 10288K [0x28a60000, 0x29510000, 0x33510000)
   the space 10944K,  94% used [0x28a60000, 0x2946c060, 0x2946c200, 0x29510000)
 compacting perm gen  total 12288K, used 10890K [0x33510000, 0x34110000, 0x37510000)
   the space 12288K,  88% used [0x33510000, 0x33fb2a00, 0x33fb2a00, 0x34110000)
    ro space 10240K,  42% used [0x37510000, 0x379522a0, 0x37952400, 0x37f10000)
    rw space 12288K,  54% used [0x37f10000, 0x38593250, 0x38593400, 0x38b10000)

Card table byte_map: [0x01410000,0x014c0000] byte_map_base: 0x012f5780

Polling page: 0x00150000

Code Cache  [0x01790000, 0x019d0000, 0x03790000)
 total_blobs=1580 nmethods=1209 adapters=305 free_code_cache=30468Kb largest_free_block=31198080

Compilation events (10 events):
Event: 41.438 Thread 0x0177f400 1221             java.util.logging.Level::intValue (5 bytes)
Event: 41.438 Thread 0x0177f400 nmethod 1221 0x018ee548 code [0x018ee640, 0x018ee6c0]
Event: 41.450 Thread 0x0177f400 1222             com.sun.scenario.effect.impl.prism.PrEffectHelper::getGraphicsClipNoClone (40 bytes)
Event: 41.451 Thread 0x0177f400 nmethod 1222 0x019cd8c8 code [0x019cd9f0, 0x019cdb68]
Event: 41.451 Thread 0x0177f400 1223             com.sun.scenario.effect.impl.prism.ps.PPSPhongLighting_DISTANTPeer::getKvals (269 bytes)
Event: 41.452 Thread 0x0177f400 nmethod 1223 0x019cdd08 code [0x019cdeb0, 0x019ce3e4]
Event: 41.453 Thread 0x0177f400 1224             com.sun.javafx.geom.transform.Affine3D::preTranslate (153 bytes)
Event: 41.453 Thread 0x0177f400 nmethod 1224 0x018ee248 code [0x018ee350, 0x018ee4bc]
Event: 41.454 Thread 0x0177f400 1225             com.sun.javafx.geom.transform.Affine3D::invert (232 bytes)
Event: 41.454 Thread 0x0177f400 nmethod 1225 0x019ce988 code [0x019ceb60, 0x019cef14]

GC Heap History (10 events):
Event: 38.292 GC heap before
{Heap before GC invocations=9 (full 0):
 def new generation   total 4928K, used 4873K [0x23510000, 0x23a60000, 0x28a60000)
  eden space 4416K, 100% used [0x23510000, 0x23960000, 0x23960000)
  from space 512K,  89% used [0x239e0000, 0x23a52780, 0x23a60000)
  to   space 512K,   0% used [0x23960000, 0x23960000, 0x239e0000)
 tenured generation   total 10944K, used 4546K [0x28a60000, 0x29510000, 0x33510000)
   the space 10944K,  41% used [0x28a60000, 0x28ed0ae8, 0x28ed0c00, 0x29510000)
 compacting perm gen  total 12288K, used 8460K [0x33510000, 0x34110000, 0x37510000)
   the space 12288K,  68% used [0x33510000, 0x33d53238, 0x33d53400, 0x34110000)
    ro space 10240K,  42% used [0x37510000, 0x379522a0, 0x37952400, 0x37f10000)
    rw space 12288K,  54% used [0x37f10000, 0x38593250, 0x38593400, 0x38b10000)
Event: 38.297 GC heap after
Heap after GC invocations=10 (full 0):
 def new generation   total 4928K, used 203K [0x23510000, 0x23a60000, 0x28a60000)
  eden space 4416K,   0% used [0x23510000, 0x23510000, 0x23960000)
  from space 512K,  39% used [0x23960000, 0x23992d90, 0x239e0000)
  to   space 512K,   0% used [0x239e0000, 0x239e0000, 0x23a60000)
 tenured generation   total 10944K, used 4955K [0x28a60000, 0x29510000, 0x33510000)
   the space 10944K,  45% used [0x28a60000, 0x28f36ff0, 0x28f37000, 0x29510000)
 compacting perm gen  total 12288K, used 8460K [0x33510000, 0x34110000, 0x37510000)
   the space 12288K,  68% used [0x33510000, 0x33d53238, 0x33d53400, 0x34110000)
    ro space 10240K,  42% used [0x37510000, 0x379522a0, 0x37952400, 0x37f10000)
    rw space 12288K,  54% used [0x37f10000, 0x38593250, 0x38593400, 0x38b10000)
}
Event: 38.638 GC heap before
{Heap before GC invocations=10 (full 0):
 def new generation   total 4928K, used 4619K [0x23510000, 0x23a60000, 0x28a60000)
  eden space 4416K, 100% used [0x23510000, 0x23960000, 0x23960000)
  from space 512K,  39% used [0x23960000, 0x23992d90, 0x239e0000)
  to   space 512K,   0% used [0x239e0000, 0x239e0000, 0x23a60000)
 tenured generation   total 10944K, used 4955K [0x28a60000, 0x29510000, 0x33510000)
   the space 10944K,  45% used [0x28a60000, 0x28f36ff0, 0x28f37000, 0x29510000)
 compacting perm gen  total 12288K, used 9169K [0x33510000, 0x34110000, 0x37510000)
   the space 12288K,  74% used [0x33510000, 0x33e044b0, 0x33e04600, 0x34110000)
    ro space 10240K,  42% used [0x37510000, 0x379522a0, 0x37952400, 0x37f10000)
    rw space 12288K,  54% used [0x37f10000, 0x38593250, 0x38593400, 0x38b10000)
Event: 38.643 GC heap after
Heap after GC invocations=11 (full 0):
 def new generation   total 4928K, used 512K [0x23510000, 0x23a60000, 0x28a60000)
  eden space 4416K,   0% used [0x23510000, 0x23510000, 0x23960000)
  from space 512K, 100% used [0x239e0000, 0x23a60000, 0x23a60000)
  to   space 512K,   0% used [0x23960000, 0x23960000, 0x239e0000)
 tenured generation   total 10944K, used 5270K [0x28a60000, 0x29510000, 0x33510000)
   the space 10944K,  48% used [0x28a60000, 0x28f858b8, 0x28f85a00, 0x29510000)
 compacting perm gen  total 12288K, used 9169K [0x33510000, 0x34110000, 0x37510000)
   the space 12288K,  74% used [0x33510000, 0x33e044b0, 0x33e04600, 0x34110000)
    ro space 10240K,  42% used [0x37510000, 0x379522a0, 0x37952400, 0x37f10000)
    rw space 12288K,  54% used [0x37f10000, 0x38593250, 0x38593400, 0x38b10000)
}
Event: 38.998 GC heap before
{Heap before GC invocations=11 (full 0):
 def new generation   total 4928K, used 4928K [0x23510000, 0x23a60000, 0x28a60000)
  eden space 4416K, 100% used [0x23510000, 0x23960000, 0x23960000)
  from space 512K, 100% used [0x239e0000, 0x23a60000, 0x23a60000)
  to   space 512K,   0% used [0x23960000, 0x23960000, 0x239e0000)
 tenured generation   total 10944K, used 5270K [0x28a60000, 0x29510000, 0x33510000)
   the space 10944K,  48% used [0x28a60000, 0x28f858b8, 0x28f85a00, 0x29510000)
 compacting perm gen  total 12288K, used 9620K [0x33510000, 0x34110000, 0x37510000)
   the space 12288K,  78% used [0x33510000, 0x33e75288, 0x33e75400, 0x34110000)
    ro space 10240K,  42% used [0x37510000, 0x379522a0, 0x37952400, 0x37f10000)
    rw space 12288K,  54% used [0x37f10000, 0x38593250, 0x38593400, 0x38b10000)
Event: 39.003 GC heap after
Heap after GC invocations=12 (full 0):
 def new generation   total 4928K, used 512K [0x23510000, 0x23a60000, 0x28a60000)
  eden space 4416K,   0% used [0x23510000, 0x23510000, 0x23960000)
  from space 512K, 100% used [0x23960000, 0x239e0000, 0x239e0000)
  to   space 512K,   0% used [0x239e0000, 0x239e0000, 0x23a60000)
 tenured generation   total 10944K, used 6192K [0x28a60000, 0x29510000, 0x33510000)
   the space 10944K,  56% used [0x28a60000, 0x2906c378, 0x2906c400, 0x29510000)
 compacting perm gen  total 12288K, used 9620K [0x33510000, 0x34110000, 0x37510000)
   the space 12288K,  78% used [0x33510000, 0x33e75288, 0x33e75400, 0x34110000)
    ro space 10240K,  42% used [0x37510000, 0x379522a0, 0x37952400, 0x37f10000)
    rw space 12288K,  54% used [0x37f10000, 0x38593250, 0x38593400, 0x38b10000)
}
Event: 41.037 GC heap before
{Heap before GC invocations=12 (full 0):
 def new generation   total 4928K, used 4904K [0x23510000, 0x23a60000, 0x28a60000)
  eden space 4416K,  99% used [0x23510000, 0x2395a1c0, 0x23960000)
  from space 512K, 100% used [0x23960000, 0x239e0000, 0x239e0000)
  to   space 512K,   0% used [0x239e0000, 0x239e0000, 0x23a60000)
 tenured generation   total 10944K, used 6192K [0x28a60000, 0x29510000, 0x33510000)
   the space 10944K,  56% used [0x28a60000, 0x2906c378, 0x2906c400, 0x29510000)
 compacting perm gen  total 12288K, used 10347K [0x33510000, 0x34110000, 0x37510000)
   the space 12288K,  84% used [0x33510000, 0x33f2aeb8, 0x33f2b000, 0x34110000)
    ro space 10240K,  42% used [0x37510000, 0x379522a0, 0x37952400, 0x37f10000)
    rw space 12288K,  54% used [0x37f10000, 0x38593250, 0x38593400, 0x38b10000)
Event: 41.043 GC heap after
Heap after GC invocations=13 (full 0):
 def new generation   total 4928K, used 512K [0x23510000, 0x23a60000, 0x28a60000)
  eden space 4416K,   0% used [0x23510000, 0x23510000, 0x23960000)
  from space 512K, 100% used [0x239e0000, 0x23a60000, 0x23a60000)
  to   space 512K,   0% used [0x23960000, 0x23960000, 0x239e0000)
 tenured generation   total 10944K, used 7189K [0x28a60000, 0x29510000, 0x33510000)
   the space 10944K,  65% used [0x28a60000, 0x29165718, 0x29165800, 0x29510000)
 compacting perm gen  total 12288K, used 10347K [0x33510000, 0x34110000, 0x37510000)
   the space 12288K,  84% used [0x33510000, 0x33f2aeb8, 0x33f2b000, 0x34110000)
    ro space 10240K,  42% used [0x37510000, 0x379522a0, 0x37952400, 0x37f10000)
    rw space 12288K,  54% used [0x37f10000, 0x38593250, 0x38593400, 0x38b10000)
}
Event: 41.355 GC heap before
{Heap before GC invocations=13 (full 0):
 def new generation   total 4928K, used 4928K [0x23510000, 0x23a60000, 0x28a60000)
  eden space 4416K, 100% used [0x23510000, 0x23960000, 0x23960000)
  from space 512K, 100% used [0x239e0000, 0x23a60000, 0x23a60000)
  to   space 512K,   0% used [0x23960000, 0x23960000, 0x239e0000)
 tenured generation   total 10944K, used 7189K [0x28a60000, 0x29510000, 0x33510000)
   the space 10944K,  65% used [0x28a60000, 0x29165718, 0x29165800, 0x29510000)
 compacting perm gen  total 12288K, used 10876K [0x33510000, 0x34110000, 0x37510000)
   the space 12288K,  88% used [0x33510000, 0x33faf020, 0x33faf200, 0x34110000)
    ro space 10240K,  42% used [0x37510000, 0x379522a0, 0x37952400, 0x37f10000)
    rw space 12288K,  54% used [0x37f10000, 0x38593250, 0x38593400, 0x38b10000)
Event: 41.362 GC heap after
Heap after GC invocations=14 (full 0):
 def new generation   total 4928K, used 512K [0x23510000, 0x23a60000, 0x28a60000)
  eden space 4416K,   0% used [0x23510000, 0x23510000, 0x23960000)
  from space 512K, 100% used [0x23960000, 0x239e0000, 0x239e0000)
  to   space 512K,   0% used [0x239e0000, 0x239e0000, 0x23a60000)
 tenured generation   total 10944K, used 10288K [0x28a60000, 0x29510000, 0x33510000)
   the space 10944K,  94% used [0x28a60000, 0x2946c060, 0x2946c200, 0x29510000)
 compacting perm gen  total 12288K, used 10876K [0x33510000, 0x34110000, 0x37510000)
   the space 12288K,  88% used [0x33510000, 0x33faf020, 0x33faf200, 0x34110000)
    ro space 10240K,  42% used [0x37510000, 0x379522a0, 0x37952400, 0x37f10000)
    rw space 12288K,  54% used [0x37f10000, 0x38593250, 0x38593400, 0x38b10000)
}

Deoptimization events (0 events):
No events

Internal exceptions (10 events):
Event: 41.281 Thread 0x03bf5c00 Threw 0x238ff9c0 at C:\jdk7u2_32P\jdk7u21\hotspot\src\share\vm\prims\jvm.cpp:1166
Event: 41.281 Thread 0x03bf5c00 Threw 0x23900eb8 at C:\jdk7u2_32P\jdk7u21\hotspot\src\share\vm\prims\jvm.cpp:1166
Event: 41.281 Thread 0x03bf5c00 Threw 0x23901348 at C:\jdk7u2_32P\jdk7u21\hotspot\src\share\vm\prims\jvm.cpp:1166
Event: 41.376 Thread 0x03bf5c00 Threw 0x23533468 at C:\jdk7u2_32P\jdk7u21\hotspot\src\share\vm\prims\jni.cpp:716
Event: 41.383 Thread 0x03bf5c00 Threw 0x2353c100 at C:\jdk7u2_32P\jdk7u21\hotspot\src\share\vm\prims\jni.cpp:716
Event: 41.387 Thread 0x03bf5c00 Threw 0x2356b528 at C:\jdk7u2_32P\jdk7u21\hotspot\src\share\vm\prims\jni.cpp:716
Event: 41.391 Thread 0x03bf5c00 Threw 0x23570720 at C:\jdk7u2_32P\jdk7u21\hotspot\src\share\vm\prims\jni.cpp:716
Event: 41.394 Thread 0x03bf5c00 Threw 0x2358e138 at C:\jdk7u2_32P\jdk7u21\hotspot\src\share\vm\prims\jni.cpp:716
Event: 41.399 Thread 0x03bf5c00 Threw 0x235939c0 at C:\jdk7u2_32P\jdk7u21\hotspot\src\share\vm\prims\jni.cpp:716
Event: 41.455 Thread 0x03bf5c00 Threw 0x235a6d88 at C:\jdk7u2_32P\jdk7u21\hotspot\src\share\vm\prims\jni.cpp:1597

Events (10 events):
Event: 41.368 Thread 0x0177f400 flushing nmethod 0x0185e888
Event: 41.368 Thread 0x0177f400 flushing nmethod 0x0185eac8
Event: 41.370 loading class 0x38b52920
Event: 41.371 loading class 0x38b52920 done
Event: 41.390 Thread 0x0177f400 flushing nmethod 0x018ee188
Event: 41.390 Thread 0x0177f400 flushing nmethod 0x018eedc8
Event: 41.449 Executing VM operation: RevokeBias
Event: 41.450 Executing VM operation: RevokeBias done
Event: 41.450 Executing VM operation: RevokeBias
Event: 41.450 Executing VM operation: RevokeBias done


Dynamic libraries:
0x000e0000 - 0x0010f000 	C:\Program Files\Java\jre7\bin\javaw.exe
0x77200000 - 0x7733c000 	C:\Windows\SYSTEM32\ntdll.dll
0x76db0000 - 0x76e84000 	C:\Windows\system32\kernel32.dll
0x75560000 - 0x755ab000 	C:\Windows\system32\KERNELBASE.dll
0x75f00000 - 0x75fa0000 	C:\Windows\system32\ADVAPI32.dll
0x75fa0000 - 0x7604c000 	C:\Windows\system32\msvcrt.dll
0x75910000 - 0x75929000 	C:\Windows\SYSTEM32\sechost.dll
0x75d80000 - 0x75e21000 	C:\Windows\system32\RPCRT4.dll
0x75e30000 - 0x75ef9000 	C:\Windows\system32\USER32.dll
0x773e0000 - 0x7742e000 	C:\Windows\system32\GDI32.dll
0x75720000 - 0x7572a000 	C:\Windows\system32\LPK.dll
0x77040000 - 0x770dd000 	C:\Windows\system32\USP10.dll
0x73d70000 - 0x73f0e000 	C:\Windows\WinSxS\x86_microsoft.windows.common-controls_6595b64144ccf1df_6.0.7601.17514_none_41e6975e2bd6f2b2\COMCTL32.dll
0x77380000 - 0x773d7000 	C:\Windows\system32\SHLWAPI.dll
0x75740000 - 0x7575f000 	C:\Windows\system32\IMM32.DLL
0x75930000 - 0x759fc000 	C:\Windows\system32\MSCTF.dll
0x10000000 - 0x10064000 	C:\Program Files\McAfee\Host Intrusion Prevention\HcApi.dll
0x61d70000 - 0x61d79000 	C:\Program Files\McAfee\Host Intrusion Prevention\HcThe.dll
0x63500000 - 0x635be000 	C:\Program Files\Java\jre7\bin\msvcr100.dll
0x6def0000 - 0x6e23f000 	C:\Program Files\Java\jre7\bin\client\jvm.dll
0x72c20000 - 0x72c27000 	C:\Windows\system32\WSOCK32.dll
0x77340000 - 0x77375000 	C:\Windows\system32\WS2_32.dll
0x75730000 - 0x75736000 	C:\Windows\system32\NSI.dll
0x743c0000 - 0x743f2000 	C:\Windows\system32\WINMM.dll
0x76e90000 - 0x76e95000 	C:\Windows\system32\PSAPI.DLL
0x69dc0000 - 0x69dcc000 	C:\Program Files\Java\jre7\bin\verify.dll
0x636a0000 - 0x636c0000 	C:\Program Files\Java\jre7\bin\java.dll
0x673c0000 - 0x673d3000 	C:\Program Files\Java\jre7\bin\zip.dll
0x69db0000 - 0x69dbd000 	C:\Program Files\Java\jre7\bin\prism-d3d.dll
0x6b550000 - 0x6b713000 	C:\Windows\system32\d3d9.dll
0x747f0000 - 0x747f9000 	C:\Windows\system32\VERSION.dll
0x70140000 - 0x70146000 	C:\Windows\system32\d3d8thk.dll
0x742c0000 - 0x742d3000 	C:\Windows\system32\dwmapi.dll
0x73d30000 - 0x73d70000 	C:\Windows\system32\uxtheme.dll
0x6a5c0000 - 0x6a67c000 	C:\Windows\system32\aticfx32.dll
0x6cad0000 - 0x6cadb000 	C:\Windows\system32\atiu9pag.dll
0x5d0e0000 - 0x5d50d000 	C:\Windows\system32\atiumdag.dll
0x5d550000 - 0x5d959000 	C:\Windows\system32\atiumdva.dll
0x63670000 - 0x63697000 	C:\Program Files\Java\jre7\bin\glass.dll
0x75690000 - 0x7570b000 	C:\Windows\system32\COMDLG32.dll
0x76130000 - 0x76d7a000 	C:\Windows\system32\SHELL32.dll
0x75a00000 - 0x75b5c000 	C:\Windows\system32\ole32.dll
0x76050000 - 0x760df000 	C:\Windows\system32\OLEAUT32.dll
0x6d5d0000 - 0x6d5de000 	C:\Program Files\Stardock\Object Desktop\Tiles\tiles.dll
0x6bc60000 - 0x6bc7b000 	C:\Program Files\McAfee\SiteAdvisor Enterprise\saHook.dll
0x75310000 - 0x7531c000 	C:\Windows\system32\CRYPTBASE.dll
0x62130000 - 0x6215f000 	C:\Program Files\Java\jre7\bin\javafx-iio.dll
0x620f0000 - 0x6212c000 	C:\Program Files\Java\jre7\bin\javafx-font.dll
0x5fe40000 - 0x5feaf000 	C:\Program Files\Java\jre7\bin\libxml2.dll
0x611e0000 - 0x61208000 	C:\Program Files\Java\jre7\bin\libxslt.dll
0x06b90000 - 0x076ef000 	C:\Program Files\Java\jre7\bin\jfxwebkit.dll
0x74e30000 - 0x74e46000 	C:\Windows\system32\CRYPTSP.dll
0x74bd0000 - 0x74c0b000 	C:\Windows\system32\rsaenh.dll
0x75760000 - 0x757e3000 	C:\Windows\system32\CLBCatQ.DLL
0x738a0000 - 0x739d0000 	C:\Windows\system32\WindowsCodecs.dll
0x752c0000 - 0x7530c000 	C:\Windows\system32\apphelp.dll
0x6a6d0000 - 0x6a6e2000 	C:\Program Files\Common Files\TortoiseOverlays\TortoiseOverlays.dll
0x6a6c0000 - 0x6a6cd000 	C:\Program Files\TortoiseSVN\bin\TortoiseStub32.dll
0x6a3e0000 - 0x6a44c000 	C:\Program Files\TortoiseSVN\bin\TortoiseSVN32.dll
0x757f0000 - 0x7590b000 	C:\Windows\system32\WININET.dll
0x75710000 - 0x75713000 	C:\Windows\system32\Normaliz.dll
0x75bc0000 - 0x75d79000 	C:\Windows\system32\iertutil.dll
0x770e0000 - 0x771f1000 	C:\Windows\system32\urlmon.dll
0x69a80000 - 0x69d78000 	C:\Program Files\TortoiseSVN\bin\libsvn_tsvn32.dll
0x6a690000 - 0x6a6b4000 	C:\Program Files\TortoiseSVN\bin\libapr_tsvn32.dll
0x74df0000 - 0x74e2c000 	C:\Windows\system32\MSWSOCK.dll
0x6a2e0000 - 0x6a316000 	C:\Program Files\TortoiseSVN\bin\libaprutil_tsvn32.dll
0x760e0000 - 0x76125000 	C:\Windows\system32\WLDAP32.dll
0x6a2d0000 - 0x6a2dd000 	C:\Program Files\TortoiseSVN\bin\intl3_tsvn32.dll
0x6a2b0000 - 0x6a2c3000 	C:\Program Files\TortoiseSVN\bin\libsasl32.dll
0x75140000 - 0x75148000 	C:\Windows\system32\Secur32.dll
0x752a0000 - 0x752bb000 	C:\Windows\system32\SSPICLI.DLL
0x75410000 - 0x7552e000 	C:\Windows\system32\CRYPT32.dll
0x75400000 - 0x7540c000 	C:\Windows\system32\MSASN1.dll
0x6a240000 - 0x6a2a9000 	C:\Windows\system32\MSVCP100.dll
0x6a200000 - 0x6a231000 	C:\Windows\system32\EhStorShell.dll
0x76ea0000 - 0x7703d000 	C:\Windows\system32\SETUPAPI.dll
0x75660000 - 0x75687000 	C:\Windows\system32\CFGMGR32.dll
0x755b0000 - 0x755c2000 	C:\Windows\system32\DEVOBJ.dll
0x74400000 - 0x744f5000 	C:\Windows\system32\PROPSYS.dll
0x69260000 - 0x69666000 	C:\PROGRA~1\MICROS~1\Office14\GROOVEEX.DLL
0x71e40000 - 0x71ee3000 	C:\Windows\WinSxS\x86_microsoft.vc90.crt_1fc8b3b9a1e18e3b_9.0.30729.6161_none_50934f2ebcb7eb57\MSVCR90.dll
0x70e20000 - 0x70eae000 	C:\Windows\WinSxS\x86_microsoft.vc90.crt_1fc8b3b9a1e18e3b_9.0.30729.6161_none_50934f2ebcb7eb57\MSVCP90.dll
0x6a1d0000 - 0x6a1fb000 	C:\Windows\WinSxS\x86_microsoft.vc90.atl_1fc8b3b9a1e18e3b_9.0.30729.6161_none_51cd0a7abbe4e19b\ATL90.DLL
0x68e40000 - 0x6925a000 	C:\PROGRA~1\COMMON~1\MICROS~1\OFFICE14\Cultures\office.odf
0x685d0000 - 0x68e35000 	C:\PROGRA~1\MICROS~1\Office14\1033\GrooveIntlResource.dll
0x69f30000 - 0x69f51000 	C:\Program Files\Common Files\Microsoft Shared\Ink\rtscom.dll
0x6d450000 - 0x6d470000 	C:\Program Files\Java\jre7\bin\sunec.dll
0x730f0000 - 0x730f9000 	C:\Program Files\Java\jre7\bin\sunmscapi.dll
0x74990000 - 0x749a7000 	C:\Windows\system32\USERENV.dll
0x75390000 - 0x7539b000 	C:\Windows\system32\profapi.dll
0x6d110000 - 0x6d124000 	C:\Program Files\Java\jre7\bin\net.dll
0x74de0000 - 0x74de6000 	C:\Windows\System32\wship6.dll
0x736e0000 - 0x736f0000 	C:\Windows\system32\NLAapi.dll
0x71000000 - 0x71010000 	C:\Windows\system32\napinsp.dll
0x70fe0000 - 0x70ff2000 	C:\Windows\system32\pnrpnsp.dll
0x74cb0000 - 0x74cf4000 	C:\Windows\system32\DNSAPI.dll
0x70f20000 - 0x70f28000 	C:\Windows\System32\winrnr.dll
0x70ef0000 - 0x70f11000 	C:\Program Files\Bonjour\mdnsNSP.dll
0x72ab0000 - 0x72acc000 	C:\Windows\system32\Iphlpapi.DLL
0x72aa0000 - 0x72aa7000 	C:\Windows\system32\WINNSI.DLL
0x70ec0000 - 0x70ee7000 	C:\Program Files\Common Files\Microsoft Shared\Windows Live\WLIDNSP.DLL
0x748c0000 - 0x748c5000 	C:\Windows\System32\wshtcpip.dll
0x70eb0000 - 0x70eb6000 	C:\Windows\system32\rasadhlp.dll
0x72970000 - 0x729a8000 	C:\Windows\System32\fwpuclnt.dll
0x6d830000 - 0x6d83e000 	C:\Program Files\Java\jre7\bin\nio.dll
0x72af0000 - 0x72bdb000 	C:\Windows\system32\dbghelp.dll

VM Arguments:
java_command: C:\AltDev\Projects\Alice\distro\Alice.jar
Launcher Type: SUN_STANDARD

Environment Variables:
JAVA_HOME=C:\Program Files\Java\jdk1.6.0_12
CLASSPATH=.;C:\Program Files\Java\jre7\lib\ext\QTJava.zip
PATH=C:\Program Files\Common Files\Microsoft Shared\Windows Live;C:\app\ms353e\product\11.2.0\client_1;C:\Program Files\AMD APP\bin\x86;C:\Windows\system32;C:\Windows;C:\Windows\System32\Wbem;C:\Windows\System32\WindowsPowerShell\v1.0\;C:\Program Files\ATI Technologies\ATI.ACE\Core-Static;C:\Program Files\doxygen\bin;C:\Program Files\Graphviz2.30\bin;C:\maven\bin;C:\Program Files\Java\jdk1.6.0_12\bin;C:\Program Files\Windows Live\Shared;;C:\Program Files\WinMerge;C:\Program Files\TortoiseSVN\bin;C:\Program Files\QuickTime\QTSystem\;C:\apache-ant-1.8.4\bin;C:\Users\ms353e\Documents\instantclient;C:\Users\ms353e\Documents\NetBeansProjects\JarFX\exe;C:\Program Files\adoxa\ansicon\
USERNAME=ms353e
OS=Windows_NT
PROCESSOR_IDENTIFIER=x86 Family 6 Model 42 Stepping 7, GenuineIntel



---------------  S Y S T E M  ---------------

OS: Windows 7 Build 7601 Service Pack 1

CPU:total 8 (4 cores per cpu, 2 threads per core) family 6 model 42 stepping 7, cmov, cx8, fxsr, mmx, sse, sse2, sse3, ssse3, sse4.1, sse4.2, popcnt, avx, ht, tsc, tscinvbit

Memory: 4k page, physical 3112792k(265848k free), swap 9472776k(1700424k free)

vm_info: Java HotSpot(TM) Client VM (23.21-b01) for windows-x86 JRE (1.7.0_21-b11), built on Apr  4 2013 04:43:10 by "java_re" with unknown MS VC++:1600

time: Fri Jul 12 15:22:38 2013
elapsed time: 41 seconds

